  [检测] 文件无扩展名(48500269-9555-4c...)，内容为SDLXLIFF，重命名为 Construction_Organization_Design_Proposal.sdlxliff
========================================
  翻译项目启动 (v4)
========================================
  源文件: Construction_Organization_Design_Proposal.sdlxliff
  项目:   Construction_Organization_Design_Proposal
  方向:   zh-CN -> en-US
  批次:   每批 150 段

--- 第1步：准备并拆分 ---
正在提取: /home/cc/translation-workspace/projects/Construction_Organization_Design_Proposal/source/Construction_Organization_Design_Proposal.sdlxliff (全部段落)
共提取 162 个待翻译段落
拆分为 2 个批次（每批最多 150 段）

  批次 1/2: 150 个段落 -> batch_001.json
  批次 2/2: 12 个段落 -> batch_002.json

清单文件: /home/cc/translation-workspace/projects/Construction_Organization_Design_Proposal/batches/manifest.json

✅ 完成！共 162 段，2 批
   输出目录: /home/cc/translation-workspace/projects/Construction_Organization_Design_Proposal/batches/
  => 162 段, 2 批次, 2 并发 (auto)

--- 第2步：推送到 GitHub ---
[master 42ba181] 翻译 Construction_Organization_Design_Proposal: 162 段 (zh-CN->en-US)
 6 files changed, 2021 insertions(+)
 create mode 100644 logs/Construction_Organization_Design_Proposal_20260212_115502.log
 create mode 100644 projects/Construction_Organization_Design_Proposal/batches/batch_001.json
 create mode 100644 projects/Construction_Organization_Design_Proposal/batches/batch_002.json
 create mode 100644 projects/Construction_Organization_Design_Proposal/batches/manifest.json
 create mode 100644 projects/Construction_Organization_Design_Proposal/source/Construction_Organization_Design_Proposal.sdlxliff
   992bf0b..42ba181  master -> master
  已推送

--- 第3步：翻译 (2 并发, 文本嵌入prompt) ---
  待翻译: 2 批, 并发: 2

  [启动] 批次 1/2 -> bc-c853031f-d5c7-4f3...
  [启动] 批次 2/2 -> bc-015f90ef-a7d5-460...

  2 个 Agent 已启动, 轮询中 (每10秒)...

  [1/2] 批次2 完成 233秒
  [2/2] 批次1 完成 555秒

  完成: 2/2 批次, 总耗时 564秒

--- 第4步：拉取结果 ---
 * [新分支]          cursor/proposal-translation-batch-one-9e3c -> origin/cursor/proposal-translation-batch-one-9e3c
 * [新分支]          cursor/translation-batch-2-b959 -> origin/cursor/translation-batch-2-b959
  提取: batch_001.json
  提取: batch_002.json
  已获取 2/2 批次

--- 第5步：翻译质量自检 ---
  期望: 162 段
  实际: 162 段
  => 自检通过

--- 第6步：合并最终文件 ---
加载翻译结果: /home/cc/translation-workspace/projects/Construction_Organization_Design_Proposal/output/
共加载 162 条翻译
合并到: /home/cc/translation-workspace/projects/Construction_Organization_Design_Proposal/final/Construction_Organization_Design_Proposal_translated.sdlxliff

✅ 合并完成
   已合并: 162 条
   缺失翻译: 0 条
   输出文件: /home/cc/translation-workspace/projects/Construction_Organization_Design_Proposal/final/Construction_Organization_Design_Proposal_translated.sdlxliff

--- 第7步：生成中英对照 CSV ---
  生成 162 条对照, 文件: Construction_Organization_Design_Proposal_bilingual.csv

--- 第8步：飞书发送翻译结果 ---
  已发送: Construction_Organization_Design_Proposal_translated.sdlxliff
  已发送: Construction_Organization_Design_Proposal_bilingual.csv

--- 第9步：记录翻译日志 ---
  已记录到 translations.log

--- 第10步：清理 ---
  已删除 2 个本项目Agent分支
[master 4ed726f] [Construction_Organization_Design_Proposal] Construction_Organization_Design_Proposal: 162 段 (zh-CN→en-US) 581秒
 6 files changed, 58 insertions(+), 1971 deletions(-)
 delete mode 100644 projects/Construction_Organization_Design_Proposal/batches/batch_001.json
 delete mode 100644 projects/Construction_Organization_Design_Proposal/batches/batch_002.json
 delete mode 100644 projects/Construction_Organization_Design_Proposal/batches/manifest.json
 delete mode 100644 projects/Construction_Organization_Design_Proposal/source/Construction_Organization_Design_Proposal.sdlxliff
   42ba181..4ed726f  master -> master
  本地已清理，日志已推送

--- 第11步：压平 Git 历史 ---
M	logs/Construction_Organization_Design_Proposal_20260212_115502.log
[_squash_temp （根提交） 8aa94e9] 翻译工作区 (2026-02-12)
 13 files changed, 1134 insertions(+)
 create mode 100644 README.md
 create mode 100644 glossary/technical_terms.json
 create mode 100644 logs/Construction_Organization_Design_Proposal_20260212_112836.log
 create mode 100644 logs/Construction_Organization_Design_Proposal_20260212_115502.log
 create mode 100644 logs/proj_93f4ea54_20260211_162619.log
 create mode 100644 logs/proj_93f4ea54_20260211_163459.log
 create mode 100644 logs/test_launcher_20260211_160631.log
 create mode 100644 "logs/\346\265\267\345\244\226\345\211\247\345\215\225\345\210\227\350\241\250-2_20260211_161920.log"
 create mode 100644 tools/merge_translations.py
 create mode 100644 tools/split_sdlxliff.py
 create mode 100644 tools/translate_batch.py
 create mode 100644 tools/translate_direct.py
 create mode 100644 translations.log
已删除分支 master（曾为 4ed726f）。
  已压平 3 个历史提交 → 1 个

========================================
  翻译完成!
========================================
  文件:   Construction_Organization_Design_Proposal
  总计:   162 段, 2 批次
  并发:   2 个 Agent
  方向:   zh-CN -> en-US
  耗时:   581秒
  飞书:   已发送两份文件
