  [检测] 文件无扩展名(fe6e9a54-e1b3-4b...)，内容为SDLXLIFF，重命名为 proj_707777ce.sdlxliff
========================================
  翻译项目启动 (v4)
========================================
  源文件: proj_707777ce.sdlxliff
  项目:   proj_707777ce
  方向:   zh-CN -> en-US
  批次:   每批 20 段

--- 第1步：准备并拆分 ---
正在提取: /home/cc/translation-workspace/projects/proj_707777ce/source/proj_707777ce.sdlxliff (全部段落)
共提取 87 个待翻译段落
拆分为 5 个批次（每批最多 20 段）

  批次 1/5: 18 个段落 -> batch_001.json
  批次 2/5: 18 个段落 -> batch_002.json
  批次 3/5: 17 个段落 -> batch_003.json
  批次 4/5: 17 个段落 -> batch_004.json
  批次 5/5: 17 个段落 -> batch_005.json

清单文件: /home/cc/translation-workspace/projects/proj_707777ce/batches/manifest.json

✅ 完成！共 87 段，5 批
   输出目录: /home/cc/translation-workspace/projects/proj_707777ce/batches/
  => 87 段, 5 批次, 5 并发 (auto)

--- 第2步：推送到 GitHub ---
[master 86cc599] 翻译 proj_707777ce: 87 段 (zh-CN->en-US)
 9 files changed, 895 insertions(+)
 create mode 100644 logs/proj_707777ce_20260212_125136.log
 create mode 100644 projects/proj_707777ce/batches/batch_001.json
 create mode 100644 projects/proj_707777ce/batches/batch_002.json
 create mode 100644 projects/proj_707777ce/batches/batch_003.json
 create mode 100644 projects/proj_707777ce/batches/batch_004.json
 create mode 100644 projects/proj_707777ce/batches/batch_005.json
 create mode 100644 projects/proj_707777ce/batches/manifest.json
 create mode 100644 projects/proj_707777ce/source/proj_707777ce.sdlxliff
   e0bdea9..86cc599  master -> master
  已推送

--- 第3步：翻译 (5 并发, 文本嵌入prompt) ---
  待翻译: 5 批, 并发: 5

  [启动] 批次 1/5 -> bc-baa38985-31fd-432...
  [启动] 批次 2/5 -> bc-be2dd7bc-dff4-40f...
  [启动] 批次 3/5 -> bc-46d766e8-f5b2-487...
  [启动] 批次 4/5 -> bc-e95a6d1b-7f78-4de...
  [启动] 批次 5/5 -> bc-8a2d4348-7027-4d8...

  5 个 Agent 已启动, 轮询中 (每10秒)...

  [1/5] 批次4 完成 69秒
  [2/5] 批次2 完成 94秒
  [3/5] 批次5 完成 77秒
  [4/5] 批次1 完成 113秒
  [5/5] 批次3 完成 104秒

  完成: 5/5 批次, 总耗时 121秒

--- 第4步：拉取结果 ---
 * [新分支]          cursor/batch-4-translation-c285 -> origin/cursor/batch-4-translation-c285
 * [新分支]          cursor/project-707777ce-batch-5-fbd0 -> origin/cursor/project-707777ce-batch-5-fbd0
 * [新分支]          cursor/translation-batch-1-fb79 -> origin/cursor/translation-batch-1-fb79
 * [新分支]          cursor/translation-batch-2-cdb6 -> origin/cursor/translation-batch-2-cdb6
 * [新分支]          cursor/translation-batch-3-45e5 -> origin/cursor/translation-batch-3-45e5
  提取: batch_004.json
  提取: batch_005.json
  提取: batch_001.json
  提取: batch_002.json
  提取: batch_003.json
  已获取 5/5 批次

--- 第5步：翻译质量自检 ---
  期望: 87 段
  实际: 87 段
  => 自检通过

--- 第6步：合并最终文件 ---
加载翻译结果: /home/cc/translation-workspace/projects/proj_707777ce/output/
共加载 87 条翻译
合并到: /home/cc/translation-workspace/projects/proj_707777ce/final/proj_707777ce_translated.sdlxliff

✅ 合并完成
   已合并: 87 条
   缺失翻译: 0 条
   输出文件: /home/cc/translation-workspace/projects/proj_707777ce/final/proj_707777ce_translated.sdlxliff

--- 第7步：生成中英对照 CSV ---
  生成 87 条对照, 文件: proj_707777ce_bilingual.csv

--- 第8步：飞书发送翻译结果 ---
  已发送: proj_707777ce_translated.sdlxliff
  已发送: proj_707777ce_bilingual.csv

--- 第9步：记录翻译日志 ---
  已记录到 translations.log

--- 第10步：清理 ---
  已删除 5 个本项目Agent分支
[master b8ace4d] [proj_707777ce] 泰和污水处理厂THK2.1标报告: 87 段 (zh-CN→en-US) 137秒
 9 files changed, 73 insertions(+), 838 deletions(-)
 delete mode 100644 projects/proj_707777ce/batches/batch_001.json
 delete mode 100644 projects/proj_707777ce/batches/batch_002.json
 delete mode 100644 projects/proj_707777ce/batches/batch_003.json
 delete mode 100644 projects/proj_707777ce/batches/batch_004.json
 delete mode 100644 projects/proj_707777ce/batches/batch_005.json
 delete mode 100644 projects/proj_707777ce/batches/manifest.json
 delete mode 100644 projects/proj_707777ce/source/proj_707777ce.sdlxliff
   86cc599..b8ace4d  master -> master
  本地已清理，日志已推送

--- 第11步：压平 Git 历史 ---
M	logs/proj_707777ce_20260212_125136.log
[_squash_temp （根提交） 18f59d5] 翻译工作区 (2026-02-12)
 17 files changed, 1723 insertions(+)
 create mode 100644 README.md
 create mode 100644 glossary/technical_terms.json
 create mode 100644 logs/Construction_Organization_Design_Proposal_20260212_112836.log
 create mode 100644 logs/Construction_Organization_Design_Proposal_20260212_115502.log
 create mode 100644 logs/Construction_Organization_Design_Proposal_20260212_121020.log
 create mode 100644 logs/Taihe_Wastewater_Plant_Report_20260212_124243.log
 create mode 100644 logs/proj_545d46a7_20260212_123107.log
 create mode 100644 logs/proj_707777ce_20260212_125136.log
 create mode 100644 logs/proj_93f4ea54_20260211_162619.log
 create mode 100644 logs/proj_93f4ea54_20260211_163459.log
 create mode 100644 logs/test_launcher_20260211_160631.log
 create mode 100644 "logs/\346\265\267\345\244\226\345\211\247\345\215\225\345\210\227\350\241\250-2_20260211_161920.log"
 create mode 100644 tools/merge_translations.py
 create mode 100644 tools/split_sdlxliff.py
 create mode 100644 tools/translate_batch.py
 create mode 100644 tools/translate_direct.py
 create mode 100644 translations.log
已删除分支 master（曾为 b8ace4d）。
  已压平 3 个历史提交 → 1 个

========================================
  翻译完成!
========================================
  文件:   泰和污水处理厂THK2.1标报告
  总计:   87 段, 5 批次
  并发:   5 个 Agent
  方向:   zh-CN -> en-US
  耗时:   137秒
  飞书:   已发送两份文件
