  [检测] 文件无扩展名(8ad9b7eb-7807-4b...)，内容为SDLXLIFF，重命名为 proj_93f4ea54.sdlxliff
========================================
  翻译项目启动 (v4)
========================================
  源文件: proj_93f4ea54.sdlxliff
  项目:   proj_93f4ea54
  方向:   zh-CN -> en-US
  批次:   每批 150 段

--- 第1步：准备并拆分 ---
正在提取: /home/cc/translation-workspace/projects/proj_93f4ea54/source/proj_93f4ea54.sdlxliff (全部段落)
共提取 70 个待翻译段落
拆分为 1 个批次（每批最多 150 段）

  批次 1/1: 70 个段落 -> batch_001.json

清单文件: /home/cc/translation-workspace/projects/proj_93f4ea54/batches/manifest.json

✅ 完成！共 70 段，1 批
   输出目录: /home/cc/translation-workspace/projects/proj_93f4ea54/batches/
  => 70 段, 1 批次, 1 并发 (auto)

--- 第2步：推送到 GitHub ---
[master 49e2217] 翻译 proj_93f4ea54: 70 段 (zh-CN->en-US)
 4 files changed, 1581 insertions(+)
 create mode 100644 logs/proj_93f4ea54_20260211_163459.log
 create mode 100644 projects/proj_93f4ea54/batches/batch_001.json
 create mode 100644 projects/proj_93f4ea54/batches/manifest.json
 create mode 100644 projects/proj_93f4ea54/source/proj_93f4ea54.sdlxliff
   dc9272e..49e2217  master -> master
  已推送

--- 第3步：翻译 (1 并发, 文本嵌入prompt) ---
  待翻译: 1 批, 并发: 1

  [启动] 批次 1/1 -> bc-9246ff17-c040-47f...

  1 个 Agent 已启动, 轮询中 (每10秒)...

  [1/1] 批次1 完成 314秒

  完成: 1/1 批次, 总耗时 320秒

--- 第4步：拉取结果 ---
 * [新分支]          cursor/translation-batch-1-68ca -> origin/cursor/translation-batch-1-68ca
 * [新分支]          cursor/translation-batch-1-c6e3 -> origin/cursor/translation-batch-1-c6e3
  提取: batch_001.json
  已获取 1/1 批次

--- 第5步：翻译质量自检 ---
  期望: 70 段
  实际: 70 段
  => 自检通过

--- 第6步：合并最终文件 ---
加载翻译结果: /home/cc/translation-workspace/projects/proj_93f4ea54/output/
共加载 70 条翻译
合并到: /home/cc/translation-workspace/projects/proj_93f4ea54/final/proj_93f4ea54_translated.sdlxliff

✅ 合并完成
   已合并: 70 条
   缺失翻译: 0 条
   输出文件: /home/cc/translation-workspace/projects/proj_93f4ea54/final/proj_93f4ea54_translated.sdlxliff

--- 第7步：生成中英对照 CSV ---
  生成 70 条对照, 文件: proj_93f4ea54_bilingual.csv

--- 第8步：推送到 GitHub ---
[master 6e2ef52] 完成 proj_93f4ea54: 70 段 (zh-CN->en-US)
 5 files changed, 1754 insertions(+)
 create mode 100644 projects/proj_93f4ea54/final/proj_93f4ea54_bilingual.csv
 create mode 100644 projects/proj_93f4ea54/final/proj_93f4ea54_translated.sdlxliff
 create mode 100644 projects/proj_93f4ea54/output/batch_001.json
   49e2217..6e2ef52  master -> master
  已推送到 GitHub（永久存档）

--- 第9步：飞书发送翻译结果 ---
│
◇  Doctor warnings ──────────────────────────────────────╮
│                                                        │
│  - State dir migration skipped: target already exists  │
│    (/home/cc/.openclaw). Remove or merge manually.     │
│                                                        │
├────────────────────────────────────────────────────────╯
✅ Sent via Feishu. Message ID: om_x100b57f046d67cacc37486c8b900489 (chat ou_f2dc2ad0cc76013719ac5daaeb8281f8)
  已发送: proj_93f4ea54_translated.sdlxliff
│
◇  Doctor warnings ──────────────────────────────────────╮
│                                                        │
│  - State dir migration skipped: target already exists  │
│    (/home/cc/.openclaw). Remove or merge manually.     │
│                                                        │
├────────────────────────────────────────────────────────╯
✅ Sent via Feishu. Message ID: om_x100b57f046b54c94b326dce35bc6cec (chat ou_f2dc2ad0cc76013719ac5daaeb8281f8)
  已发送: proj_93f4ea54_bilingual.csv

--- 第10步：清理本地文件 ---
