  [检测] 文件无扩展名(c16913eb-1de4-47...)，内容为SDLXLIFF，重命名为 proj_545d46a7.sdlxliff
========================================
  翻译项目启动 (v4)
========================================
  源文件: proj_545d46a7.sdlxliff
  项目:   proj_545d46a7
  方向:   zh-CN -> en-US
  批次:   每批 20 段

--- 第1步：准备并拆分 ---
正在提取: /home/cc/translation-workspace/projects/proj_545d46a7/source/proj_545d46a7.sdlxliff (全部段落)
共提取 94 个待翻译段落
拆分为 5 个批次（每批最多 20 段）

  批次 1/5: 19 个段落 -> batch_001.json
  批次 2/5: 19 个段落 -> batch_002.json
  批次 3/5: 19 个段落 -> batch_003.json
  批次 4/5: 19 个段落 -> batch_004.json
  批次 5/5: 18 个段落 -> batch_005.json

清单文件: /home/cc/translation-workspace/projects/proj_545d46a7/batches/manifest.json

✅ 完成！共 94 段，5 批
   输出目录: /home/cc/translation-workspace/projects/proj_545d46a7/batches/
  => 94 段, 5 批次, 5 并发 (auto)

--- 第2步：推送到 GitHub ---
[master a5bf2f5] 翻译 proj_545d46a7: 94 段 (zh-CN->en-US)
 9 files changed, 848 insertions(+)
 create mode 100644 logs/proj_545d46a7_20260212_123107.log
 create mode 100644 projects/proj_545d46a7/batches/batch_001.json
 create mode 100644 projects/proj_545d46a7/batches/batch_002.json
 create mode 100644 projects/proj_545d46a7/batches/batch_003.json
 create mode 100644 projects/proj_545d46a7/batches/batch_004.json
 create mode 100644 projects/proj_545d46a7/batches/batch_005.json
 create mode 100644 projects/proj_545d46a7/batches/manifest.json
 create mode 100644 projects/proj_545d46a7/source/proj_545d46a7.sdlxliff
   80a9a5d..a5bf2f5  master -> master
  已推送

--- 第3步：翻译 (5 并发, 文本嵌入prompt) ---
  待翻译: 5 批, 并发: 5

  [启动] 批次 1/5 -> bc-25dbadb9-1774-474...
  [启动] 批次 2/5 -> bc-67f45529-0eec-4a6...
  [启动] 批次 3/5 -> bc-fa4dabf4-6da8-41a...
  [启动] 批次 4/5 -> bc-74c3474e-3609-40f...
  [启动] 批次 5/5 -> bc-7f0ed219-4019-4e5...

  5 个 Agent 已启动, 轮询中 (每10秒)...

  [1/5] 批次1 完成 143秒
  [2/5] 批次4 完成 130秒
  [3/5] 批次5 完成 126秒
  [4/5] 批次2 完成 153秒
  [5/5] 批次3 完成 216秒

  完成: 5/5 批次, 总耗时 234秒

--- 第4步：拉取结果 ---
 * [新分支]          cursor/batch-5-translation-3b77 -> origin/cursor/batch-5-translation-3b77
 * [新分支]          cursor/translation-batch-1-433e -> origin/cursor/translation-batch-1-433e
 * [新分支]          cursor/translation-batch-2-20f7 -> origin/cursor/translation-batch-2-20f7
 * [新分支]          cursor/translation-batch-4-5ec5 -> origin/cursor/translation-batch-4-5ec5
  提取: batch_005.json
  提取: batch_001.json
  提取: batch_002.json
  提取: batch_004.json
  已获取 4/5 批次

--- 第5步：翻译质量自检 ---
  期望: 94 段
  实际: 75 段
  [!] 缺失批次: [3]
  [错误] 批次3: 输出文件缺失
  => 发现 2 个问题，建议检查后再交付

--- 第6步：合并最终文件 ---
加载翻译结果: /home/cc/translation-workspace/projects/proj_545d46a7/output/
共加载 75 条翻译
合并到: /home/cc/translation-workspace/projects/proj_545d46a7/final/proj_545d46a7_translated.sdlxliff

✅ 合并完成
   已合并: 75 条
   缺失翻译: 19 条
   输出文件: /home/cc/translation-workspace/projects/proj_545d46a7/final/proj_545d46a7_translated.sdlxliff

--- 第7步：生成中英对照 CSV ---
  生成 75 条对照, 文件: proj_545d46a7_bilingual.csv

--- 第8步：飞书发送翻译结果 ---
  [!] 发送失败: proj_545d46a7_translated.sdlxliff — /home/cc/.openclaw/workspace/_internal_translate.sh: 行 575: openclaw: 未找到命令
  [!] 发送失败: proj_545d46a7_bilingual.csv — /home/cc/.openclaw/workspace/_internal_translate.sh: 行 584: openclaw: 未找到命令

--- 第9步：记录翻译日志 ---
  已记录到 translations.log

--- 第10步：清理 ---
  已删除 4 个本项目Agent分支
[master 813b015] [proj_545d46a7] 泰和污水处理厂竣工验收报告: 94 段 (zh-CN→en-US) 238秒
 9 files changed, 73 insertions(+), 793 deletions(-)
 delete mode 100644 projects/proj_545d46a7/batches/batch_001.json
 delete mode 100644 projects/proj_545d46a7/batches/batch_002.json
 delete mode 100644 projects/proj_545d46a7/batches/batch_003.json
 delete mode 100644 projects/proj_545d46a7/batches/batch_004.json
 delete mode 100644 projects/proj_545d46a7/batches/batch_005.json
 delete mode 100644 projects/proj_545d46a7/batches/manifest.json
 delete mode 100644 projects/proj_545d46a7/source/proj_545d46a7.sdlxliff
   a5bf2f5..813b015  master -> master
  本地已清理，日志已推送

--- 第11步：压平 Git 历史 ---
M	logs/proj_545d46a7_20260212_123107.log
