  [检测] 文件无扩展名(3fce5ac5-0454-47...)，内容为SDLXLIFF，重命名为 proj_d6436000.sdlxliff
========================================
  翻译项目启动 (v4)
========================================
  源文件: proj_d6436000.sdlxliff
  项目:   proj_d6436000
  方向:   zh-CN -> en-US
  批次:   每批 20 段

--- 第1步：准备并拆分 ---
正在提取: /home/cc/translation-workspace/projects/proj_d6436000/source/proj_d6436000.sdlxliff (全部段落)
共提取 139 个待翻译段落
拆分为 7 个批次（每批最多 20 段）

  批次 1/7: 20 个段落 -> batch_001.json
  批次 2/7: 20 个段落 -> batch_002.json
  批次 3/7: 20 个段落 -> batch_003.json
  批次 4/7: 20 个段落 -> batch_004.json
  批次 5/7: 20 个段落 -> batch_005.json
  批次 6/7: 20 个段落 -> batch_006.json
  批次 7/7: 19 个段落 -> batch_007.json

清单文件: /home/cc/translation-workspace/projects/proj_d6436000/batches/manifest.json

✅ 完成！共 139 段，7 批
   输出目录: /home/cc/translation-workspace/projects/proj_d6436000/batches/
  => 139 段, 7 批次, 7 并发 (auto)

--- 第2步：推送到 GitHub ---
[master 95eddf7] 翻译 proj_d6436000: 139 段 (zh-CN->en-US)
 11 files changed, 1197 insertions(+)
 create mode 100644 logs/proj_d6436000_20260212_130952.log
 create mode 100644 projects/proj_d6436000/batches/batch_001.json
 create mode 100644 projects/proj_d6436000/batches/batch_002.json
 create mode 100644 projects/proj_d6436000/batches/batch_003.json
 create mode 100644 projects/proj_d6436000/batches/batch_004.json
 create mode 100644 projects/proj_d6436000/batches/batch_005.json
 create mode 100644 projects/proj_d6436000/batches/batch_006.json
 create mode 100644 projects/proj_d6436000/batches/batch_007.json
 create mode 100644 projects/proj_d6436000/batches/manifest.json
 create mode 100644 projects/proj_d6436000/source/proj_d6436000.sdlxliff
   18f59d5..95eddf7  master -> master
  已推送

--- 第3步：翻译 (7 并发, 文本嵌入prompt) ---
  待翻译: 7 批, 并发: 7

  [启动] 批次 1/7 -> bc-bb5642ff-cf16-430...
  [启动] 批次 2/7 -> bc-7ce44e31-f79d-437...
  [启动] 批次 3/7 -> bc-fc1152bb-f079-4a5...
  [启动] 批次 4/7 -> bc-c569264a-05aa-42b...
  [启动] 批次 5/7 -> bc-c808b206-4172-49c...
  [启动] 批次 6/7 -> bc-6f8270cc-a3c3-4f3...
  [启动] 批次 7/7 -> bc-8ec6c6bb-5f98-41c...

  7 个 Agent 已启动, 轮询中 (每10秒)...

  [1/7] 批次1 完成 101秒
  [2/7] 批次4 完成 120秒
  [3/7] 批次5 完成 116秒
  [4/7] 批次6 完成 112秒
  [5/7] 批次3 完成 155秒
  [6/7] 批次7 完成 147秒
  [7/7] 批次2 完成 197秒

  完成: 7/7 批次, 总耗时 211秒

--- 第4步：拉取结果 ---
 * [新分支]          cursor/batch-2-zh-cn-en-us-c981 -> origin/cursor/batch-2-zh-cn-en-us-c981
 * [新分支]          cursor/batch-4-translation-abb1 -> origin/cursor/batch-4-translation-abb1
 * [新分支]          cursor/batch-5-translation-b7c4 -> origin/cursor/batch-5-translation-b7c4
 * [新分支]          cursor/batch-7-translation-f82b -> origin/cursor/batch-7-translation-f82b
 * [新分支]          cursor/translation-batch-6-0a84 -> origin/cursor/translation-batch-6-0a84
  提取: batch_002.json
  提取: batch_004.json
  提取: batch_005.json
  提取: batch_007.json
  提取: batch_006.json
  已获取 5/7 批次

--- 第5步：翻译质量自检 ---
  期望: 139 段
  实际: 99 段
  [!] 缺失批次: [1, 3]
  [错误] 批次1: 输出文件缺失
  [错误] 批次3: 输出文件缺失
  => 发现 4 个问题，建议检查后再交付

--- 第6步：合并最终文件 ---
加载翻译结果: /home/cc/translation-workspace/projects/proj_d6436000/output/
共加载 99 条翻译
合并到: /home/cc/translation-workspace/projects/proj_d6436000/final/proj_d6436000_translated.sdlxliff

✅ 合并完成
   已合并: 99 条
   缺失翻译: 40 条
   输出文件: /home/cc/translation-workspace/projects/proj_d6436000/final/proj_d6436000_translated.sdlxliff

--- 第7步：生成中英对照 CSV ---
  生成 99 条对照, 文件: proj_d6436000_bilingual.csv

--- 第8步：飞书发送翻译结果 ---
  已发送: proj_d6436000_translated.sdlxliff
  已发送: proj_d6436000_bilingual.csv
│
◇  Doctor warnings ──────────────────────────────────────╮
│                                                        │
│  - State dir migration skipped: target already exists  │
│    (/home/cc/.openclaw). Remove or merge manually.     │
│                                                        │
├────────────────────────────────────────────────────────╯
Gateway agent failed; falling back to embedded: Error: Pass --to <E.164>, --session-id, or --agent to choose a session
Error: Pass --to <E.164>, --session-id, or --agent to choose a session
  已通知 OpenClaw 任务完成

--- 第9步：记录翻译日志 ---
  已记录到 translations.log

--- 第10步：清理 ---
  已删除 5 个本项目Agent分支
[master 8977a4d] [proj_d6436000] 泰和污水处理厂THK2.2标报告: 139 段 (zh-CN→en-US) 230秒
 11 files changed, 92 insertions(+), 1137 deletions(-)
 delete mode 100644 projects/proj_d6436000/batches/batch_001.json
 delete mode 100644 projects/proj_d6436000/batches/batch_002.json
 delete mode 100644 projects/proj_d6436000/batches/batch_003.json
 delete mode 100644 projects/proj_d6436000/batches/batch_004.json
 delete mode 100644 projects/proj_d6436000/batches/batch_005.json
 delete mode 100644 projects/proj_d6436000/batches/batch_006.json
 delete mode 100644 projects/proj_d6436000/batches/batch_007.json
 delete mode 100644 projects/proj_d6436000/batches/manifest.json
 delete mode 100644 projects/proj_d6436000/source/proj_d6436000.sdlxliff
   95eddf7..8977a4d  master -> master
  本地已清理，日志已推送

--- 第11步：压平 Git 历史 ---
M	logs/proj_d6436000_20260212_130952.log
