  [检测] 文件无扩展名(a474b33c-f45f-4a...)，内容为SDLXLIFF，重命名为 Taihe_Wastewater_Plant_Report.sdlxliff
========================================
  翻译项目启动 (v4)
========================================
  源文件: Taihe_Wastewater_Plant_Report.sdlxliff
  项目:   Taihe_Wastewater_Plant_Report
  方向:   zh-CN -> en-US
  批次:   每批 20 段

--- 第1步：准备并拆分 ---
正在提取: /home/cc/translation-workspace/projects/Taihe_Wastewater_Plant_Report/source/Taihe_Wastewater_Plant_Report.sdlxliff (全部段落)
共提取 94 个待翻译段落
拆分为 5 个批次（每批最多 20 段）

  批次 1/5: 19 个段落 -> batch_001.json
  批次 2/5: 19 个段落 -> batch_002.json
  批次 3/5: 19 个段落 -> batch_003.json
  批次 4/5: 19 个段落 -> batch_004.json
  批次 5/5: 18 个段落 -> batch_005.json

清单文件: /home/cc/translation-workspace/projects/Taihe_Wastewater_Plant_Report/batches/manifest.json

✅ 完成！共 94 段，5 批
   输出目录: /home/cc/translation-workspace/projects/Taihe_Wastewater_Plant_Report/batches/
  => 94 段, 5 批次, 5 并发 (auto)

--- 第2步：推送到 GitHub ---
[master 9fd464d] 翻译 Taihe_Wastewater_Plant_Report: 94 段 (zh-CN->en-US)
 9 files changed, 849 insertions(+)
 create mode 100644 logs/Taihe_Wastewater_Plant_Report_20260212_124243.log
 create mode 100644 projects/Taihe_Wastewater_Plant_Report/batches/batch_001.json
 create mode 100644 projects/Taihe_Wastewater_Plant_Report/batches/batch_002.json
 create mode 100644 projects/Taihe_Wastewater_Plant_Report/batches/batch_003.json
 create mode 100644 projects/Taihe_Wastewater_Plant_Report/batches/batch_004.json
 create mode 100644 projects/Taihe_Wastewater_Plant_Report/batches/batch_005.json
 create mode 100644 projects/Taihe_Wastewater_Plant_Report/batches/manifest.json
 create mode 100644 projects/Taihe_Wastewater_Plant_Report/source/Taihe_Wastewater_Plant_Report.sdlxliff
   4c1d659..9fd464d  master -> master
  已推送

--- 第3步：翻译 (5 并发, 文本嵌入prompt) ---
  待翻译: 5 批, 并发: 5

  [启动] 批次 1/5 -> bc-c65068c1-0838-403...
  [启动] 批次 2/5 -> bc-b11e00dc-2b33-452...
  [启动] 批次 3/5 -> bc-288807e7-2153-443...
  [启动] 批次 4/5 -> bc-81717828-70a8-4bc...
  [启动] 批次 5/5 -> bc-ff2fc81f-0859-4c7...

  5 个 Agent 已启动, 轮询中 (每10秒)...

  [1/5] 批次3 完成 89秒
  [2/5] 批次1 完成 130秒
  [3/5] 批次5 完成 175秒
  [4/5] 批次4 完成 194秒
  [5/5] 批次2 完成 217秒

  完成: 5/5 批次, 总耗时 231秒

--- 第4步：拉取结果 ---
 * [新分支]          cursor/report-translation-batch-4-0c83 -> origin/cursor/report-translation-batch-4-0c83
 * [新分支]          cursor/report-translation-batch-5-7b8e -> origin/cursor/report-translation-batch-5-7b8e
 * [新分支]          cursor/taihe-report-batch-2-0ee6 -> origin/cursor/taihe-report-batch-2-0ee6
 * [新分支]          cursor/taihe-report-translation-batch-3-47ae -> origin/cursor/taihe-report-translation-batch-3-47ae
 * [新分支]          cursor/taihe-wastewater-translation-0f1b -> origin/cursor/taihe-wastewater-translation-0f1b
  提取: batch_004.json
  提取: batch_005.json
  提取: batch_002.json
  提取: batch_003.json
  提取: batch_001.json
  已获取 5/5 批次

--- 第5步：翻译质量自检 ---
  期望: 94 段
  实际: 94 段
  => 自检通过

--- 第6步：合并最终文件 ---
加载翻译结果: /home/cc/translation-workspace/projects/Taihe_Wastewater_Plant_Report/output/
共加载 94 条翻译
合并到: /home/cc/translation-workspace/projects/Taihe_Wastewater_Plant_Report/final/Taihe_Wastewater_Plant_Report_translated.sdlxliff

✅ 合并完成
   已合并: 94 条
   缺失翻译: 0 条
   输出文件: /home/cc/translation-workspace/projects/Taihe_Wastewater_Plant_Report/final/Taihe_Wastewater_Plant_Report_translated.sdlxliff

--- 第7步：生成中英对照 CSV ---
  生成 94 条对照, 文件: Taihe_Wastewater_Plant_Report_bilingual.csv

--- 第8步：飞书发送翻译结果 ---
  已发送: Taihe_Wastewater_Plant_Report_translated.sdlxliff
  已发送: Taihe_Wastewater_Plant_Report_bilingual.csv

--- 第9步：记录翻译日志 ---
  已记录到 translations.log

--- 第10步：清理 ---
  已删除 5 个本项目Agent分支
[master 78cfed8] [Taihe_Wastewater_Plant_Report] Taihe_Wastewater_Plant_Report: 94 段 (zh-CN→en-US) 247秒
 9 files changed, 73 insertions(+), 793 deletions(-)
 delete mode 100644 projects/Taihe_Wastewater_Plant_Report/batches/batch_001.json
 delete mode 100644 projects/Taihe_Wastewater_Plant_Report/batches/batch_002.json
 delete mode 100644 projects/Taihe_Wastewater_Plant_Report/batches/batch_003.json
 delete mode 100644 projects/Taihe_Wastewater_Plant_Report/batches/batch_004.json
 delete mode 100644 projects/Taihe_Wastewater_Plant_Report/batches/batch_005.json
 delete mode 100644 projects/Taihe_Wastewater_Plant_Report/batches/manifest.json
 delete mode 100644 projects/Taihe_Wastewater_Plant_Report/source/Taihe_Wastewater_Plant_Report.sdlxliff
   9fd464d..78cfed8  master -> master
  本地已清理，日志已推送

--- 第11步：压平 Git 历史 ---
M	logs/Taihe_Wastewater_Plant_Report_20260212_124243.log
[_squash_temp （根提交） e0bdea9] 翻译工作区 (2026-02-12)
 16 files changed, 1579 insertions(+)
 create mode 100644 README.md
 create mode 100644 glossary/technical_terms.json
 create mode 100644 logs/Construction_Organization_Design_Proposal_20260212_112836.log
 create mode 100644 logs/Construction_Organization_Design_Proposal_20260212_115502.log
 create mode 100644 logs/Construction_Organization_Design_Proposal_20260212_121020.log
 create mode 100644 logs/Taihe_Wastewater_Plant_Report_20260212_124243.log
 create mode 100644 logs/proj_545d46a7_20260212_123107.log
 create mode 100644 logs/proj_93f4ea54_20260211_162619.log
 create mode 100644 logs/proj_93f4ea54_20260211_163459.log
 create mode 100644 logs/test_launcher_20260211_160631.log
 create mode 100644 "logs/\346\265\267\345\244\226\345\211\247\345\215\225\345\210\227\350\241\250-2_20260211_161920.log"
 create mode 100644 tools/merge_translations.py
 create mode 100644 tools/split_sdlxliff.py
 create mode 100644 tools/translate_batch.py
 create mode 100644 tools/translate_direct.py
 create mode 100644 translations.log
已删除分支 master（曾为 78cfed8）。
  已压平 3 个历史提交 → 1 个

========================================
  翻译完成!
========================================
  文件:   Taihe_Wastewater_Plant_Report
  总计:   94 段, 5 批次
  并发:   5 个 Agent
  方向:   zh-CN -> en-US
  耗时:   247秒
  飞书:   已发送两份文件
