  [检测] 文件无扩展名(8ad9b7eb-7807-4b...)，内容为SDLXLIFF，重命名为 海外剧单列表-2.sdlxliff
========================================
  翻译项目启动 (v4)
========================================
  源文件: 海外剧单列表-2.sdlxliff
  项目:   海外剧单列表-2
  方向:   zh-CN -> en-US
  批次:   每批 150 段

--- 第1步：准备并拆分 ---
正在提取: /home/cc/translation-workspace/projects/海外剧单列表-2/source/海外剧单列表-2.sdlxliff (全部段落)
共提取 70 个待翻译段落
拆分为 1 个批次（每批最多 150 段）

  批次 1/1: 70 个段落 -> batch_001.json

清单文件: /home/cc/translation-workspace/projects/海外剧单列表-2/batches/manifest.json

✅ 完成！共 70 段，1 批
   输出目录: /home/cc/translation-workspace/projects/海外剧单列表-2/batches/
  => 70 段, 1 批次, 1 并发 (auto)

--- 第2步：推送到 GitHub ---
[master 6d0b237] 翻译 海外剧单列表-2: 70 段 (zh-CN->en-US)
 4 files changed, 1581 insertions(+)
 create mode 100644 "logs/\346\265\267\345\244\226\345\211\247\345\215\225\345\210\227\350\241\250-2_20260211_161920.log"
 create mode 100644 "projects/\346\265\267\345\244\226\345\211\247\345\215\225\345\210\227\350\241\250-2/batches/batch_001.json"
 create mode 100644 "projects/\346\265\267\345\244\226\345\211\247\345\215\225\345\210\227\350\241\250-2/batches/manifest.json"
 create mode 100644 "projects/\346\265\267\345\244\226\345\211\247\345\215\225\345\210\227\350\241\250-2/source/\346\265\267\345\244\226\345\211\247\345\215\225\345\210\227\350\241\250-2.sdlxliff"
   31e07c4..6d0b237  master -> master
  已推送

--- 第3步：翻译 (1 并发, 文本嵌入prompt) ---
  待翻译: 1 批, 并发: 1

  [启动] 批次 1/1 -> bc-398d358e-bcca-440...

  1 个 Agent 已启动, 轮询中 (每10秒)...

  [!] 批次1 超时, 跳过

  完成: 0/1 批次, 总耗时 613秒
  失败: [1]
